C51 COMPILER V9.60.7.0   MAIN                                                              08/19/2024 01:43:11 PAGE 1   


C51 COMPILER V9.60.7.0, COMPILATION OF MODULE MAIN
OBJECT MODULE PLACED IN .\Objects\main.obj
COMPILER INVOKED BY: E:\Keil_v5\C51\BIN\C51.EXE main.c OPTIMIZE(8,SPEED) BROWSE DEBUG OBJECTEXTEND PRINT(.\Listings\main
                    -.lst) OBJECT(.\Objects\main.obj)

line level    source

   1          #include "reg52.h"
   2          #include "Moter.h"
   3          #include "Detection.h"
   4          #include "Time.h"
   5          
   6          sbit stopKey = P3^3;
   7          
   8          void main(){
   9   1              initMoter();
  10   1              enA();
  11   1              enB();
  12   1              
  13   1              while(1){
  14   2                      if(stopKey == 0){
  15   3                              stop();
  16   3                              return;
  17   3                      }
  18   2                      
  19   2                      if(!isRightObstacle() && !isLeftObstacle()){
  20   3                              forward();
  21   3                      } else if(isRightObstacle() && isLeftObstacle()){
  22   3                              back();
  23   3                              delay_ms(10);
  24   3                              right();
  25   3                              delay_ms(15);
  26   3                      } else if(isRightObstacle()){
  27   3                              left();
  28   3                              delay_ms(15);
  29   3                      } else if(isLeftObstacle()){
  30   3                              right();
  31   3                              delay_ms(15);
  32   3                      }
  33   2              }
  34   1      }


MODULE INFORMATION:   STATIC OVERLAYABLE
   CODE SIZE        =    220    ----
   CONSTANT SIZE    =   ----    ----
   XDATA SIZE       =   ----    ----
   PDATA SIZE       =   ----    ----
   DATA SIZE        =   ----    ----
   IDATA SIZE       =   ----    ----
   BIT SIZE         =   ----    ----
END OF MODULE INFORMATION.


C51 COMPILATION COMPLETE.  0 WARNING(S),  0 ERROR(S)
